2024-11-28 13:02:49,831 15840 DEBUG ? odoo.netsvc: logger level set: "odoo.http.rpc.request:INFO" 
2024-11-28 13:02:49,831 15840 DEBUG ? odoo.netsvc: logger level set: "odoo.http.rpc.response:INFO" 
2024-11-28 13:02:49,831 15840 DEBUG ? odoo.netsvc: logger level set: ":INFO" 
2024-11-28 13:02:49,831 15840 DEBUG ? odoo.netsvc: logger level set: "odoo:DEBUG" 
2024-11-28 13:02:49,831 15840 DEBUG ? odoo.netsvc: logger level set: "odoo.sql_db:INFO" 
2024-11-28 13:02:49,831 15840 DEBUG ? odoo.netsvc: logger level set: ":INFO" 
2024-11-28 13:02:49,832 15840 INFO ? odoo: Odoo version 17.0 
2024-11-28 13:02:49,832 15840 INFO ? odoo: Using configuration file at C:\Users\usuario\Desktop\Clases\odoo_prueba2\pythonProject\.venv\o17_com.conf 
2024-11-28 13:02:49,833 15840 INFO ? odoo: addons paths: ['C:\\Users\\usuario\\Desktop\\Clases\\odoo_prueba2\\pythonProject\\odoo\\odoo\\addons', 'C:\\Users\\usuario\\Desktop\\Clases\\odoo_prueba2\\pythonProject\\odoo\\addons', 'c:\\users\\usuario\\appdata\\local\\openerp s.a\\odoo\\addons\\17.0', 'c:\\users\\usuario\\desktop\\clases\\odoo_prueba2\\pythonproject\\odoo\\addons', 'c:\\users\\usuario\\desktop\\clases\\odoo_prueba2\\pythonproject\\modulononativo', 'c:\\users\\usuario\\desktop\\clases\\odoo_prueba2\\pythonproject\\odoo\\odoo\\addons'] 
2024-11-28 13:02:49,833 15840 INFO ? odoo: database: odoo@default:default 
2024-11-28 13:02:50,049 15840 INFO ? odoo.addons.base.models.ir_actions_report: Will use the Wkhtmltopdf binary at C:\Users\usuario\Desktop\Clases\odoo_prueba2\pythonProject\wkhtmltopdf\wkhtmltopdf.exe 
2024-11-28 13:02:50,379 15840 WARNING ? odoo.service.server: 'watchdog' module not installed. Code autoreload feature is disabled 
2024-11-28 13:02:50,379 15840 DEBUG ? odoo.service.server: Setting signal handlers 
2024-11-28 13:02:50,428 15840 DEBUG ? odoo.modules.registry: Multiprocess load registry signaling: [Registry: 8] [Cache default: 8] [Cache assets: 1] [Cache templates: 1] [Cache routing: 1] 
2024-11-28 13:02:50,439 15840 INFO o17-clase odoo.modules.loading: loading 1 modules... 
2024-11-28 13:02:50,439 15840 DEBUG o17-clase odoo.modules.loading: Loading module base (1/1) 
2024-11-28 13:02:50,445 15840 DEBUG o17-clase odoo.modules.loading: Module base loaded in 0.01s, 0 queries 
2024-11-28 13:02:50,446 15840 INFO o17-clase odoo.modules.loading: 1 modules loaded in 0.01s, 0 queries (+0 extra) 
2024-11-28 13:02:50,469 15840 INFO o17-clase odoo.modules.loading: updating modules list 
2024-11-28 13:02:50,472 15840 INFO o17-clase odoo.addons.base.models.ir_module: ALLOW access to module.update_list on [] to user __system__ #1 via n/a 
2024-11-28 13:02:50,738 15840 WARNING o17-clase odoo.modules.module: Missing `license` key in manifest for 'inventarios', defaulting to LGPL-3 
2024-11-28 13:02:51,234 15840 INFO ? odoo.service.server: HTTP service (werkzeug) running on DESKTOP-B0KDNG5:8069 
2024-11-28 13:02:51,550 15840 INFO o17-clase odoo.addons.base.models.ir_module: ALLOW access to module.button_upgrade on ['Módulo inventarios'] to user __system__ #1 via n/a 
2024-11-28 13:02:51,550 15840 INFO o17-clase odoo.addons.base.models.ir_module: ALLOW access to module.update_list on ['Módulo inventarios'] to user __system__ #1 via n/a 
2024-11-28 13:02:51,701 15840 DEBUG ? odoo.http: HTTP sessions stored in: c:\users\usuario\appdata\local\openerp s.a\odoo\sessions 
2024-11-28 13:02:52,095 15840 INFO o17-clase odoo.addons.base.models.ir_module: ALLOW access to module.button_install on [] to user __system__ #1 via n/a 
2024-11-28 13:02:52,463 15840 DEBUG o17-clase odoo.modules.loading: Updating graph with 24 more modules 
2024-11-28 13:02:52,463 15840 INFO o17-clase odoo.modules.loading: loading 25 modules... 
2024-11-28 13:02:52,464 15840 DEBUG o17-clase odoo.modules.loading: Loading module web (2/25) 
2024-11-28 13:02:52,465 15840 DEBUG o17-clase odoo.modules.loading: Module web loaded in 0.00s, 0 queries 
2024-11-28 13:02:52,466 15840 DEBUG o17-clase odoo.modules.loading: Loading module auth_totp (3/25) 
2024-11-28 13:02:52,495 15840 DEBUG o17-clase odoo.modules.loading: Module auth_totp loaded in 0.03s, 0 queries 
2024-11-28 13:02:52,495 15840 DEBUG o17-clase odoo.modules.loading: Loading module base_import (4/25) 
2024-11-28 13:02:52,525 15840 DEBUG o17-clase odoo.modules.loading: Module base_import loaded in 0.03s, 0 queries 
2024-11-28 13:02:52,525 15840 DEBUG o17-clase odoo.modules.loading: Loading module base_import_module (5/25) 
2024-11-28 13:02:52,535 15840 DEBUG o17-clase odoo.modules.loading: Module base_import_module loaded in 0.01s, 0 queries 
2024-11-28 13:02:52,535 15840 DEBUG o17-clase odoo.modules.loading: Loading module base_setup (6/25) 
2024-11-28 13:02:52,541 15840 DEBUG o17-clase odoo.modules.loading: Module base_setup loaded in 0.01s, 0 queries 
2024-11-28 13:02:52,541 15840 DEBUG o17-clase odoo.modules.loading: Loading module bus (7/25) 
2024-11-28 13:02:52,606 15840 DEBUG o17-clase odoo.modules.loading: Module bus loaded in 0.06s, 0 queries 
2024-11-28 13:02:52,606 15840 DEBUG o17-clase odoo.modules.loading: Loading module web_tour (8/25) 
2024-11-28 13:02:52,610 15840 DEBUG o17-clase odoo.modules.loading: Module web_tour loaded in 0.00s, 0 queries 
2024-11-28 13:02:52,610 15840 DEBUG o17-clase odoo.modules.loading: Loading module iap (9/25) 
2024-11-28 13:02:52,616 15840 DEBUG o17-clase odoo.modules.loading: Module iap loaded in 0.01s, 0 queries 
2024-11-28 13:02:52,616 15840 DEBUG o17-clase odoo.modules.loading: Loading module mail (10/25) 
2024-11-28 13:02:52,736 15840 DEBUG o17-clase odoo.modules.loading: Module mail loaded in 0.12s, 0 queries 
2024-11-28 13:02:52,736 15840 DEBUG o17-clase odoo.modules.loading: Loading module web_editor (11/25) 
2024-11-28 13:02:52,759 15840 DEBUG o17-clase odoo.modules.loading: Module web_editor loaded in 0.02s, 0 queries 
2024-11-28 13:02:52,759 15840 DEBUG o17-clase odoo.modules.loading: Loading module auth_signup (12/25) 
2024-11-28 13:02:52,766 15840 DEBUG o17-clase odoo.modules.loading: Module auth_signup loaded in 0.01s, 0 queries 
2024-11-28 13:02:52,766 15840 DEBUG o17-clase odoo.modules.loading: Loading module auth_totp_mail (13/25) 
2024-11-28 13:02:52,770 15840 DEBUG o17-clase odoo.modules.loading: Module auth_totp_mail loaded in 0.00s, 0 queries 
2024-11-28 13:02:52,770 15840 DEBUG o17-clase odoo.modules.loading: Loading module base_install_request (14/25) 
2024-11-28 13:02:52,774 15840 DEBUG o17-clase odoo.modules.loading: Module base_install_request loaded in 0.00s, 0 queries 
2024-11-28 13:02:52,774 15840 DEBUG o17-clase odoo.modules.loading: Loading module contacts (15/25) 
2024-11-28 13:02:52,778 15840 DEBUG o17-clase odoo.modules.loading: Module contacts loaded in 0.00s, 0 queries 
2024-11-28 13:02:52,778 15840 DEBUG o17-clase odoo.modules.loading: Loading module google_gmail (16/25) 
2024-11-28 13:02:52,784 15840 DEBUG o17-clase odoo.modules.loading: Module google_gmail loaded in 0.01s, 0 queries 
2024-11-28 13:02:52,785 15840 DEBUG o17-clase odoo.modules.loading: Loading module iap_mail (17/25) 
2024-11-28 13:02:52,787 15840 DEBUG o17-clase odoo.modules.loading: Module iap_mail loaded in 0.00s, 0 queries 
2024-11-28 13:02:52,787 15840 DEBUG o17-clase odoo.modules.loading: Loading module mail_bot (18/25) 
2024-11-28 13:02:52,793 15840 DEBUG o17-clase odoo.modules.loading: Module mail_bot loaded in 0.01s, 0 queries 
2024-11-28 13:02:52,793 15840 DEBUG o17-clase odoo.modules.loading: Loading module phone_validation (19/25) 
2024-11-28 13:02:52,807 15840 DEBUG o17-clase odoo.modules.loading: Module phone_validation loaded in 0.01s, 0 queries 
2024-11-28 13:02:52,808 15840 DEBUG o17-clase odoo.modules.loading: Loading module privacy_lookup (20/25) 
2024-11-28 13:02:52,814 15840 DEBUG o17-clase odoo.modules.loading: Module privacy_lookup loaded in 0.01s, 0 queries 
2024-11-28 13:02:52,815 15840 DEBUG o17-clase odoo.modules.loading: Loading module web_unsplash (21/25) 
2024-11-28 13:02:52,821 15840 DEBUG o17-clase odoo.modules.loading: Module web_unsplash loaded in 0.01s, 0 queries 
2024-11-28 13:02:52,821 15840 INFO o17-clase odoo.modules.loading: Loading module inventarios (22/25) 
2024-11-28 13:02:52,845 15840 DEBUG o17-clase odoo.models: Patching res.config.settings.report_footer with translate=True 
2024-11-28 13:02:52,849 15840 DEBUG o17-clase odoo.models: Patching base.document.layout.report_header with translate=True 
2024-11-28 13:02:52,849 15840 DEBUG o17-clase odoo.models: Patching base.document.layout.report_footer with translate=True 
2024-11-28 13:02:52,849 15840 DEBUG o17-clase odoo.models: Patching base.document.layout.company_details with translate=True 
2024-11-28 13:02:52,879 15840 WARNING o17-clase odoo.models: The model presupuesto has no _description 
2024-11-28 13:02:52,880 15840 WARNING o17-clase odoo.models: The model clasificacion has no _description 
2024-11-28 13:02:52,891 15840 DEBUG o17-clase odoo.models: Patching res.config.settings.report_footer with translate=True 
2024-11-28 13:02:52,895 15840 DEBUG o17-clase odoo.models: Patching base.document.layout.report_header with translate=True 
2024-11-28 13:02:52,895 15840 DEBUG o17-clase odoo.models: Patching base.document.layout.report_footer with translate=True 
2024-11-28 13:02:52,895 15840 DEBUG o17-clase odoo.models: Patching base.document.layout.company_details with translate=True 
2024-11-28 13:02:52,911 15840 WARNING o17-clase odoo.fields: Field presupuesto.name: unknown parameter 'require', if this is an actual parameter you may want to override the method _valid_field_parameter on the relevant model in order to allow it 
2024-11-28 13:02:52,911 15840 WARNING o17-clase odoo.fields: Field presupuesto.link: unknown parameter 'widget', if this is an actual parameter you may want to override the method _valid_field_parameter on the relevant model in order to allow it 
2024-11-28 13:02:52,918 15840 INFO o17-clase odoo.modules.registry: module inventarios: creating or updating database tables 
2024-11-28 13:02:52,950 15840 INFO o17-clase odoo.schema: Table 'presupuesto': unable to set NOT NULL on column 'detalles_venta' 
2024-11-28 13:02:52,993 15840 INFO o17-clase odoo.modules.loading: loading inventarios/views/navmenu.xml 
2024-11-28 13:02:52,998 15840 DEBUG o17-clase odoo.modules.registry: Invalidating default model caches from write C:\Users\usuario\Desktop\Clases\odoo_prueba2\pythonProject\odoo\odoo\addons\base\models\ir_actions.py:86 
2024-11-28 13:02:53,000 15840 DEBUG o17-clase odoo.modules.registry: Invalidating default model caches from write C:\Users\usuario\Desktop\Clases\odoo_prueba2\pythonProject\odoo\odoo\addons\base\models\ir_ui_menu.py:173 
2024-11-28 13:02:53,003 15840 DEBUG o17-clase odoo.modules.registry: Invalidating default model caches from write C:\Users\usuario\Desktop\Clases\odoo_prueba2\pythonProject\odoo\odoo\addons\base\models\ir_ui_menu.py:173 
2024-11-28 13:02:53,006 15840 DEBUG o17-clase odoo.modules.registry: Invalidating default model caches from write C:\Users\usuario\Desktop\Clases\odoo_prueba2\pythonProject\odoo\odoo\addons\base\models\ir_ui_menu.py:173 
2024-11-28 13:02:53,008 15840 DEBUG o17-clase odoo.modules.registry: Invalidating default model caches from write C:\Users\usuario\Desktop\Clases\odoo_prueba2\pythonProject\odoo\odoo\addons\base\models\ir_ui_menu.py:173 
2024-11-28 13:02:53,011 15840 INFO o17-clase odoo.modules.loading: loading inventarios/views/vista.xml 
2024-11-28 13:02:53,017 15840 DEBUG o17-clase odoo.modules.registry: Invalidating templates model caches from write C:\Users\usuario\Desktop\Clases\odoo_prueba2\pythonProject\odoo\odoo\addons\base\models\ir_ui_view.py:522 
2024-11-28 13:02:53,018 15840 DEBUG o17-clase odoo.modules.registry: Invalidating templates model caches from write C:\Users\usuario\Desktop\Clases\odoo_prueba2\pythonProject\odoo\odoo\addons\base\models\ir_ui_view.py:522 
2024-11-28 13:02:53,026 15840 DEBUG o17-clase odoo.modules.registry: Invalidating templates model caches from write C:\Users\usuario\Desktop\Clases\odoo_prueba2\pythonProject\odoo\odoo\addons\base\models\ir_ui_view.py:522 
2024-11-28 13:02:53,029 15840 DEBUG o17-clase odoo.modules.registry: Invalidating templates model caches from write C:\Users\usuario\Desktop\Clases\odoo_prueba2\pythonProject\odoo\odoo\addons\base\models\ir_ui_view.py:522 
2024-11-28 13:02:53,038 15840 INFO o17-clase odoo.addons.base.models.ir_module: module inventarios: no translation for language es_ES 
2024-11-28 13:02:53,045 15840 WARNING o17-clase odoo.modules.loading: The models ['presupuesto', 'clasificacion'] have no access rules in module inventarios, consider adding some, like:
id,name,model_id:id,group_id:id,perm_read,perm_write,perm_create,perm_unlink
inventarios.access_presupuesto,access_presupuesto,inventarios.model_presupuesto,base.group_user,1,0,0,0
inventarios.access_clasificacion,access_clasificacion,inventarios.model_clasificacion,base.group_user,1,0,0,0 
2024-11-28 13:02:53,050 15840 INFO o17-clase odoo.modules.loading: Module inventarios loaded in 0.23s, 111 queries (+111 other) 
2024-11-28 13:02:53,050 15840 DEBUG o17-clase odoo.modules.loading: Loading module partner_autocomplete (23/25) 
2024-11-28 13:02:53,060 15840 DEBUG o17-clase odoo.modules.loading: Module partner_autocomplete loaded in 0.01s, 0 queries 
2024-11-28 13:02:53,060 15840 DEBUG o17-clase odoo.modules.loading: Loading module sms (24/25) 
2024-11-28 13:02:53,077 15840 DEBUG o17-clase odoo.modules.loading: Module sms loaded in 0.02s, 0 queries 
2024-11-28 13:02:53,077 15840 DEBUG o17-clase odoo.modules.loading: Loading module snailmail (25/25) 
2024-11-28 13:02:53,090 15840 DEBUG o17-clase odoo.modules.loading: Module snailmail loaded in 0.01s, 0 queries 
2024-11-28 13:02:53,090 15840 INFO o17-clase odoo.modules.loading: 25 modules loaded in 0.63s, 111 queries (+111 extra) 
2024-11-28 13:02:53,125 15840 WARNING o17-clase odoo.fields: Field presupuesto.name: unknown parameter 'require', if this is an actual parameter you may want to override the method _valid_field_parameter on the relevant model in order to allow it 
2024-11-28 13:02:53,125 15840 WARNING o17-clase odoo.fields: Field presupuesto.link: unknown parameter 'widget', if this is an actual parameter you may want to override the method _valid_field_parameter on the relevant model in order to allow it 
2024-11-28 13:02:53,164 15840 WARNING o17-clase odoo.fields: Field presupuesto.name: unknown parameter 'require', if this is an actual parameter you may want to override the method _valid_field_parameter on the relevant model in order to allow it 
2024-11-28 13:02:53,164 15840 WARNING o17-clase odoo.fields: Field presupuesto.link: unknown parameter 'widget', if this is an actual parameter you may want to override the method _valid_field_parameter on the relevant model in order to allow it 
2024-11-28 13:02:53,176 15840 WARNING o17-clase odoo.schema: Table 'presupuesto': unable to set NOT NULL on column 'detalles_venta' 
2024-11-28 13:02:53,177 15840 DEBUG o17-clase odoo.models: column index is in the table auth_totp_device but not in the corresponding object auth_totp.device 
2024-11-28 13:02:53,177 15840 DEBUG o17-clase odoo.models: column key is in the table auth_totp_device but not in the corresponding object auth_totp.device 
2024-11-28 13:02:53,205 15840 DEBUG o17-clase odoo.models: column web is in the table ir_module_module but not in the corresponding object ir.module.module 
2024-11-28 13:02:53,234 15840 DEBUG o17-clase odoo.models: column signup_token is in the table res_partner but not in the corresponding object res.partner 
2024-11-28 13:02:53,237 15840 DEBUG o17-clase odoo.models: column password is in the table res_users but not in the corresponding object res.users 
2024-11-28 13:02:53,237 15840 DEBUG o17-clase odoo.models: column totp_secret is in the table res_users but not in the corresponding object res.users 
2024-11-28 13:02:53,237 15840 DEBUG o17-clase odoo.models: column index is in the table res_users_apikeys but not in the corresponding object res.users.apikeys 
2024-11-28 13:02:53,237 15840 DEBUG o17-clase odoo.models: column key is in the table res_users_apikeys but not in the corresponding object res.users.apikeys 
2024-11-28 13:02:53,260 15840 DEBUG o17-clase odoo.modules.registry: Invalidating templates model caches from write C:\Users\usuario\Desktop\Clases\odoo_prueba2\pythonProject\odoo\odoo\addons\base\models\ir_ui_view.py:522 
2024-11-28 13:02:53,269 15840 DEBUG o17-clase odoo.modules.registry: Invalidating templates model caches from write C:\Users\usuario\Desktop\Clases\odoo_prueba2\pythonProject\odoo\odoo\addons\base\models\ir_ui_view.py:522 
2024-11-28 13:02:53,554 15840 INFO o17-clase odoo.modules.loading: Modules loaded. 
2024-11-28 13:02:53,557 15840 INFO o17-clase odoo.modules.registry: Registry loaded in 3.177s 
2024-11-28 13:02:53,558 15840 DEBUG o17-clase odoo.service.server: cron0 started! 
2024-11-28 13:02:53,559 15840 DEBUG o17-clase odoo.service.server: cron1 started! 
2024-11-28 13:02:53,742 15840 INFO o17-clase odoo.addons.base.models.ir_http: Generating routing map for key None 
2024-11-28 13:02:53,762 15840 INFO o17-clase werkzeug: 127.0.0.1 - - [28/Nov/2024 13:02:53] "GET /websocket?version=17.0-1 HTTP/1.1" 101 - 6 0.004 2.058
2024-11-28 13:02:54,091 15840 INFO ? odoo.addons.bus.models.bus: Bus.loop listen imbus on db postgres 
2024-11-28 13:03:03,498 15840 INFO o17-clase odoo.service.server: Initiating shutdown 
2024-11-28 13:03:03,498 15840 INFO o17-clase odoo.service.server: Hit CTRL-C again or send a second signal to force the shutdown. 
2024-11-28 13:03:03,975 15840 DEBUG o17-clase odoo.service.server: on_close call <bound method Event.set of <threading.Event at 0x1f60bb49a60: unset>> 
2024-11-28 13:03:03,975 15840 DEBUG o17-clase odoo.service.server: on_close call <function _kick_all at 0x000001F60C4514E0> 
2024-11-28 13:03:03,975 15840 DEBUG o17-clase odoo.service.server: current thread: <_MainThread(MainThread, started 10040)> 
2024-11-28 13:03:03,975 15840 DEBUG o17-clase odoo.service.server: process <_MainThread(MainThread, started 10040)> (False) 
2024-11-28 13:03:03,976 15840 DEBUG o17-clase odoo.service.server: process <Thread(odoo.service.http.request.13776, started 13776)> (False) 
2024-11-28 13:03:03,976 15840 DEBUG o17-clase odoo.service.server: join and sleep 
2024-11-28 13:03:04,068 15840 DEBUG o17-clase odoo.service.server: process <Thread(odoo.service.cron.cron0, started daemon 6620)> (True) 
2024-11-28 13:03:04,068 15840 DEBUG o17-clase odoo.service.server: process <Thread(odoo.service.cron.cron1, started daemon 16744)> (True) 
2024-11-28 13:03:04,068 15840 DEBUG o17-clase odoo.service.server: process <ImDispatch(odoo.addons.bus.models.bus.Bus, stopped daemon 4376)> (True) 
2024-11-28 13:03:04,068 15840 INFO o17-clase odoo.sql_db: ConnectionPool(used=0/count=0/max=64): Closed 3 connections  
2024-11-28 13:03:04,068 15840 DEBUG o17-clase odoo.service.server: -- 
2024-11-28 13:03:21,525 10752 DEBUG ? odoo.netsvc: logger level set: "odoo.http.rpc.request:INFO" 
2024-11-28 13:03:21,525 10752 DEBUG ? odoo.netsvc: logger level set: "odoo.http.rpc.response:INFO" 
2024-11-28 13:03:21,525 10752 DEBUG ? odoo.netsvc: logger level set: ":INFO" 
2024-11-28 13:03:21,525 10752 DEBUG ? odoo.netsvc: logger level set: "odoo:DEBUG" 
2024-11-28 13:03:21,525 10752 DEBUG ? odoo.netsvc: logger level set: "odoo.sql_db:INFO" 
2024-11-28 13:03:21,525 10752 DEBUG ? odoo.netsvc: logger level set: ":INFO" 
2024-11-28 13:03:21,526 10752 INFO ? odoo: Odoo version 17.0 
2024-11-28 13:03:21,526 10752 INFO ? odoo: Using configuration file at C:\Users\usuario\Desktop\Clases\odoo_prueba2\pythonProject\.venv\o17_com.conf 
2024-11-28 13:03:21,526 10752 INFO ? odoo: addons paths: ['C:\\Users\\usuario\\Desktop\\Clases\\odoo_prueba2\\pythonProject\\odoo\\odoo\\addons', 'C:\\Users\\usuario\\Desktop\\Clases\\odoo_prueba2\\pythonProject\\odoo\\addons', 'c:\\users\\usuario\\appdata\\local\\openerp s.a\\odoo\\addons\\17.0', 'c:\\users\\usuario\\desktop\\clases\\odoo_prueba2\\pythonproject\\odoo\\addons', 'c:\\users\\usuario\\desktop\\clases\\odoo_prueba2\\pythonproject\\modulononativo', 'c:\\users\\usuario\\desktop\\clases\\odoo_prueba2\\pythonproject\\odoo\\odoo\\addons'] 
2024-11-28 13:03:21,526 10752 INFO ? odoo: database: odoo@default:default 
2024-11-28 13:03:21,747 10752 INFO ? odoo.addons.base.models.ir_actions_report: Will use the Wkhtmltopdf binary at C:\Users\usuario\Desktop\Clases\odoo_prueba2\pythonProject\wkhtmltopdf\wkhtmltopdf.exe 
2024-11-28 13:03:22,020 10752 WARNING ? odoo.service.server: 'watchdog' module not installed. Code autoreload feature is disabled 
2024-11-28 13:03:22,020 10752 DEBUG ? odoo.service.server: Setting signal handlers 
2024-11-28 13:03:22,068 10752 DEBUG ? odoo.modules.registry: Multiprocess load registry signaling: [Registry: 8] [Cache default: 8] [Cache assets: 1] [Cache templates: 1] [Cache routing: 1] 
2024-11-28 13:03:22,076 10752 INFO o17-clase odoo.modules.loading: loading 1 modules... 
2024-11-28 13:03:22,076 10752 DEBUG o17-clase odoo.modules.loading: Loading module base (1/1) 
2024-11-28 13:03:22,082 10752 DEBUG o17-clase odoo.modules.loading: Module base loaded in 0.01s, 0 queries 
2024-11-28 13:03:22,082 10752 INFO o17-clase odoo.modules.loading: 1 modules loaded in 0.01s, 0 queries (+0 extra) 
2024-11-28 13:03:22,105 10752 INFO o17-clase odoo.modules.loading: updating modules list 
2024-11-28 13:03:22,108 10752 INFO o17-clase odoo.addons.base.models.ir_module: ALLOW access to module.update_list on [] to user __system__ #1 via n/a 
2024-11-28 13:03:22,371 10752 WARNING o17-clase odoo.modules.module: Missing `license` key in manifest for 'inventarios', defaulting to LGPL-3 
2024-11-28 13:03:22,873 10752 INFO ? odoo.service.server: HTTP service (werkzeug) running on DESKTOP-B0KDNG5:8069 
2024-11-28 13:03:23,188 10752 INFO o17-clase odoo.addons.base.models.ir_module: ALLOW access to module.button_upgrade on ['Módulo inventarios'] to user __system__ #1 via n/a 
2024-11-28 13:03:23,188 10752 INFO o17-clase odoo.addons.base.models.ir_module: ALLOW access to module.update_list on ['Módulo inventarios'] to user __system__ #1 via n/a 
2024-11-28 13:03:23,733 10752 INFO o17-clase odoo.addons.base.models.ir_module: ALLOW access to module.button_install on [] to user __system__ #1 via n/a 
2024-11-28 13:03:24,099 10752 DEBUG o17-clase odoo.modules.loading: Updating graph with 24 more modules 
2024-11-28 13:03:24,100 10752 INFO o17-clase odoo.modules.loading: loading 25 modules... 
2024-11-28 13:03:24,100 10752 DEBUG o17-clase odoo.modules.loading: Loading module web (2/25) 
2024-11-28 13:03:24,102 10752 DEBUG o17-clase odoo.modules.loading: Module web loaded in 0.00s, 0 queries 
2024-11-28 13:03:24,102 10752 DEBUG o17-clase odoo.modules.loading: Loading module auth_totp (3/25) 
2024-11-28 13:03:24,130 10752 DEBUG o17-clase odoo.modules.loading: Module auth_totp loaded in 0.03s, 0 queries 
2024-11-28 13:03:24,130 10752 DEBUG o17-clase odoo.modules.loading: Loading module base_import (4/25) 
2024-11-28 13:03:24,160 10752 DEBUG o17-clase odoo.modules.loading: Module base_import loaded in 0.03s, 0 queries 
2024-11-28 13:03:24,160 10752 DEBUG o17-clase odoo.modules.loading: Loading module base_import_module (5/25) 
2024-11-28 13:03:24,170 10752 DEBUG o17-clase odoo.modules.loading: Module base_import_module loaded in 0.01s, 0 queries 
2024-11-28 13:03:24,170 10752 DEBUG o17-clase odoo.modules.loading: Loading module base_setup (6/25) 
2024-11-28 13:03:24,176 10752 DEBUG o17-clase odoo.modules.loading: Module base_setup loaded in 0.01s, 0 queries 
2024-11-28 13:03:24,176 10752 DEBUG o17-clase odoo.modules.loading: Loading module bus (7/25) 
2024-11-28 13:03:24,239 10752 DEBUG o17-clase odoo.modules.loading: Module bus loaded in 0.06s, 0 queries 
2024-11-28 13:03:24,239 10752 DEBUG o17-clase odoo.modules.loading: Loading module web_tour (8/25) 
2024-11-28 13:03:24,243 10752 DEBUG o17-clase odoo.modules.loading: Module web_tour loaded in 0.00s, 0 queries 
2024-11-28 13:03:24,243 10752 DEBUG o17-clase odoo.modules.loading: Loading module iap (9/25) 
2024-11-28 13:03:24,248 10752 DEBUG o17-clase odoo.modules.loading: Module iap loaded in 0.00s, 0 queries 
2024-11-28 13:03:24,248 10752 DEBUG o17-clase odoo.modules.loading: Loading module mail (10/25) 
2024-11-28 13:03:24,365 10752 DEBUG o17-clase odoo.modules.loading: Module mail loaded in 0.12s, 0 queries 
2024-11-28 13:03:24,366 10752 DEBUG o17-clase odoo.modules.loading: Loading module web_editor (11/25) 
2024-11-28 13:03:24,388 10752 DEBUG o17-clase odoo.modules.loading: Module web_editor loaded in 0.02s, 0 queries 
2024-11-28 13:03:24,388 10752 DEBUG o17-clase odoo.modules.loading: Loading module auth_signup (12/25) 
2024-11-28 13:03:24,395 10752 DEBUG o17-clase odoo.modules.loading: Module auth_signup loaded in 0.01s, 0 queries 
2024-11-28 13:03:24,395 10752 DEBUG o17-clase odoo.modules.loading: Loading module auth_totp_mail (13/25) 
2024-11-28 13:03:24,399 10752 DEBUG o17-clase odoo.modules.loading: Module auth_totp_mail loaded in 0.00s, 0 queries 
2024-11-28 13:03:24,399 10752 DEBUG o17-clase odoo.modules.loading: Loading module base_install_request (14/25) 
2024-11-28 13:03:24,403 10752 DEBUG o17-clase odoo.modules.loading: Module base_install_request loaded in 0.00s, 0 queries 
2024-11-28 13:03:24,403 10752 DEBUG o17-clase odoo.modules.loading: Loading module contacts (15/25) 
2024-11-28 13:03:24,406 10752 DEBUG o17-clase odoo.modules.loading: Module contacts loaded in 0.00s, 0 queries 
2024-11-28 13:03:24,406 10752 DEBUG o17-clase odoo.modules.loading: Loading module google_gmail (16/25) 
2024-11-28 13:03:24,412 10752 DEBUG o17-clase odoo.modules.loading: Module google_gmail loaded in 0.01s, 0 queries 
2024-11-28 13:03:24,412 10752 DEBUG o17-clase odoo.modules.loading: Loading module iap_mail (17/25) 
2024-11-28 13:03:24,415 10752 DEBUG o17-clase odoo.modules.loading: Module iap_mail loaded in 0.00s, 0 queries 
2024-11-28 13:03:24,415 10752 DEBUG o17-clase odoo.modules.loading: Loading module mail_bot (18/25) 
2024-11-28 13:03:24,420 10752 DEBUG o17-clase odoo.modules.loading: Module mail_bot loaded in 0.00s, 0 queries 
2024-11-28 13:03:24,420 10752 DEBUG o17-clase odoo.modules.loading: Loading module phone_validation (19/25) 
2024-11-28 13:03:24,435 10752 DEBUG o17-clase odoo.modules.loading: Module phone_validation loaded in 0.01s, 0 queries 
2024-11-28 13:03:24,435 10752 DEBUG o17-clase odoo.modules.loading: Loading module privacy_lookup (20/25) 
2024-11-28 13:03:24,441 10752 DEBUG o17-clase odoo.modules.loading: Module privacy_lookup loaded in 0.01s, 0 queries 
2024-11-28 13:03:24,441 10752 DEBUG o17-clase odoo.modules.loading: Loading module web_unsplash (21/25) 
2024-11-28 13:03:24,447 10752 DEBUG o17-clase odoo.modules.loading: Module web_unsplash loaded in 0.01s, 0 queries 
2024-11-28 13:03:24,447 10752 INFO o17-clase odoo.modules.loading: Loading module inventarios (22/25) 
2024-11-28 13:03:24,470 10752 DEBUG o17-clase odoo.models: Patching res.config.settings.report_footer with translate=True 
2024-11-28 13:03:24,474 10752 DEBUG o17-clase odoo.models: Patching base.document.layout.report_header with translate=True 
2024-11-28 13:03:24,474 10752 DEBUG o17-clase odoo.models: Patching base.document.layout.report_footer with translate=True 
2024-11-28 13:03:24,474 10752 DEBUG o17-clase odoo.models: Patching base.document.layout.company_details with translate=True 
2024-11-28 13:03:24,499 10752 WARNING o17-clase odoo.models: The model presupuesto has no _description 
2024-11-28 13:03:24,500 10752 WARNING o17-clase odoo.models: The model clasificacion has no _description 
2024-11-28 13:03:24,511 10752 DEBUG o17-clase odoo.models: Patching res.config.settings.report_footer with translate=True 
2024-11-28 13:03:24,515 10752 DEBUG o17-clase odoo.models: Patching base.document.layout.report_header with translate=True 
2024-11-28 13:03:24,515 10752 DEBUG o17-clase odoo.models: Patching base.document.layout.report_footer with translate=True 
2024-11-28 13:03:24,515 10752 DEBUG o17-clase odoo.models: Patching base.document.layout.company_details with translate=True 
2024-11-28 13:03:24,530 10752 WARNING o17-clase odoo.fields: Field presupuesto.name: unknown parameter 'require', if this is an actual parameter you may want to override the method _valid_field_parameter on the relevant model in order to allow it 
2024-11-28 13:03:24,531 10752 WARNING o17-clase odoo.fields: Field presupuesto.link: unknown parameter 'widget', if this is an actual parameter you may want to override the method _valid_field_parameter on the relevant model in order to allow it 
2024-11-28 13:03:24,538 10752 INFO o17-clase odoo.modules.registry: module inventarios: creating or updating database tables 
2024-11-28 13:03:24,568 10752 INFO o17-clase odoo.schema: Table 'presupuesto': unable to set NOT NULL on column 'detalles_venta' 
2024-11-28 13:03:24,610 10752 INFO o17-clase odoo.modules.loading: loading inventarios/views/navmenu.xml 
2024-11-28 13:03:24,616 10752 DEBUG o17-clase odoo.modules.registry: Invalidating default model caches from write C:\Users\usuario\Desktop\Clases\odoo_prueba2\pythonProject\odoo\odoo\addons\base\models\ir_actions.py:86 
2024-11-28 13:03:24,617 10752 DEBUG o17-clase odoo.modules.registry: Invalidating default model caches from write C:\Users\usuario\Desktop\Clases\odoo_prueba2\pythonProject\odoo\odoo\addons\base\models\ir_ui_menu.py:173 
2024-11-28 13:03:24,620 10752 DEBUG o17-clase odoo.modules.registry: Invalidating default model caches from write C:\Users\usuario\Desktop\Clases\odoo_prueba2\pythonProject\odoo\odoo\addons\base\models\ir_ui_menu.py:173 
2024-11-28 13:03:24,623 10752 DEBUG o17-clase odoo.modules.registry: Invalidating default model caches from write C:\Users\usuario\Desktop\Clases\odoo_prueba2\pythonProject\odoo\odoo\addons\base\models\ir_ui_menu.py:173 
2024-11-28 13:03:24,626 10752 DEBUG o17-clase odoo.modules.registry: Invalidating default model caches from write C:\Users\usuario\Desktop\Clases\odoo_prueba2\pythonProject\odoo\odoo\addons\base\models\ir_ui_menu.py:173 
2024-11-28 13:03:24,628 10752 INFO o17-clase odoo.modules.loading: loading inventarios/views/vista.xml 
2024-11-28 13:03:24,633 10752 DEBUG o17-clase odoo.modules.registry: Invalidating templates model caches from write C:\Users\usuario\Desktop\Clases\odoo_prueba2\pythonProject\odoo\odoo\addons\base\models\ir_ui_view.py:522 
2024-11-28 13:03:24,635 10752 DEBUG o17-clase odoo.modules.registry: Invalidating templates model caches from write C:\Users\usuario\Desktop\Clases\odoo_prueba2\pythonProject\odoo\odoo\addons\base\models\ir_ui_view.py:522 
2024-11-28 13:03:24,643 10752 DEBUG o17-clase odoo.modules.registry: Invalidating templates model caches from write C:\Users\usuario\Desktop\Clases\odoo_prueba2\pythonProject\odoo\odoo\addons\base\models\ir_ui_view.py:522 
2024-11-28 13:03:24,646 10752 DEBUG o17-clase odoo.modules.registry: Invalidating templates model caches from write C:\Users\usuario\Desktop\Clases\odoo_prueba2\pythonProject\odoo\odoo\addons\base\models\ir_ui_view.py:522 
2024-11-28 13:03:24,655 10752 INFO o17-clase odoo.addons.base.models.ir_module: module inventarios: no translation for language es_ES 
2024-11-28 13:03:24,661 10752 WARNING o17-clase odoo.modules.loading: The models ['presupuesto', 'clasificacion'] have no access rules in module inventarios, consider adding some, like:
id,name,model_id:id,group_id:id,perm_read,perm_write,perm_create,perm_unlink
inventarios.access_presupuesto,access_presupuesto,inventarios.model_presupuesto,base.group_user,1,0,0,0
inventarios.access_clasificacion,access_clasificacion,inventarios.model_clasificacion,base.group_user,1,0,0,0 
2024-11-28 13:03:24,666 10752 INFO o17-clase odoo.modules.loading: Module inventarios loaded in 0.22s, 111 queries (+111 other) 
2024-11-28 13:03:24,666 10752 DEBUG o17-clase odoo.modules.loading: Loading module partner_autocomplete (23/25) 
2024-11-28 13:03:24,676 10752 DEBUG o17-clase odoo.modules.loading: Module partner_autocomplete loaded in 0.01s, 0 queries 
2024-11-28 13:03:24,676 10752 DEBUG o17-clase odoo.modules.loading: Loading module sms (24/25) 
2024-11-28 13:03:24,693 10752 DEBUG o17-clase odoo.modules.loading: Module sms loaded in 0.02s, 0 queries 
2024-11-28 13:03:24,693 10752 DEBUG o17-clase odoo.modules.loading: Loading module snailmail (25/25) 
2024-11-28 13:03:24,706 10752 DEBUG o17-clase odoo.modules.loading: Module snailmail loaded in 0.01s, 0 queries 
2024-11-28 13:03:24,706 10752 INFO o17-clase odoo.modules.loading: 25 modules loaded in 0.61s, 111 queries (+111 extra) 
2024-11-28 13:03:24,742 10752 WARNING o17-clase odoo.fields: Field presupuesto.name: unknown parameter 'require', if this is an actual parameter you may want to override the method _valid_field_parameter on the relevant model in order to allow it 
2024-11-28 13:03:24,742 10752 WARNING o17-clase odoo.fields: Field presupuesto.link: unknown parameter 'widget', if this is an actual parameter you may want to override the method _valid_field_parameter on the relevant model in order to allow it 
2024-11-28 13:03:24,781 10752 WARNING o17-clase odoo.fields: Field presupuesto.name: unknown parameter 'require', if this is an actual parameter you may want to override the method _valid_field_parameter on the relevant model in order to allow it 
2024-11-28 13:03:24,781 10752 WARNING o17-clase odoo.fields: Field presupuesto.link: unknown parameter 'widget', if this is an actual parameter you may want to override the method _valid_field_parameter on the relevant model in order to allow it 
2024-11-28 13:03:24,792 10752 WARNING o17-clase odoo.schema: Table 'presupuesto': unable to set NOT NULL on column 'detalles_venta' 
2024-11-28 13:03:24,793 10752 DEBUG o17-clase odoo.models: column index is in the table auth_totp_device but not in the corresponding object auth_totp.device 
2024-11-28 13:03:24,793 10752 DEBUG o17-clase odoo.models: column key is in the table auth_totp_device but not in the corresponding object auth_totp.device 
2024-11-28 13:03:24,821 10752 DEBUG o17-clase odoo.models: column web is in the table ir_module_module but not in the corresponding object ir.module.module 
2024-11-28 13:03:24,850 10752 DEBUG o17-clase odoo.models: column signup_token is in the table res_partner but not in the corresponding object res.partner 
2024-11-28 13:03:24,853 10752 DEBUG o17-clase odoo.models: column password is in the table res_users but not in the corresponding object res.users 
2024-11-28 13:03:24,853 10752 DEBUG o17-clase odoo.models: column totp_secret is in the table res_users but not in the corresponding object res.users 
2024-11-28 13:03:24,853 10752 DEBUG o17-clase odoo.models: column index is in the table res_users_apikeys but not in the corresponding object res.users.apikeys 
2024-11-28 13:03:24,853 10752 DEBUG o17-clase odoo.models: column key is in the table res_users_apikeys but not in the corresponding object res.users.apikeys 
2024-11-28 13:03:24,876 10752 DEBUG o17-clase odoo.modules.registry: Invalidating templates model caches from write C:\Users\usuario\Desktop\Clases\odoo_prueba2\pythonProject\odoo\odoo\addons\base\models\ir_ui_view.py:522 
2024-11-28 13:03:24,885 10752 DEBUG o17-clase odoo.modules.registry: Invalidating templates model caches from write C:\Users\usuario\Desktop\Clases\odoo_prueba2\pythonProject\odoo\odoo\addons\base\models\ir_ui_view.py:522 
2024-11-28 13:03:25,165 10752 INFO o17-clase odoo.modules.loading: Modules loaded. 
2024-11-28 13:03:25,168 10752 INFO o17-clase odoo.modules.registry: Registry loaded in 3.147s 
2024-11-28 13:03:25,169 10752 DEBUG o17-clase odoo.service.server: cron0 started! 
2024-11-28 13:03:25,169 10752 DEBUG o17-clase odoo.service.server: cron1 started! 
2024-11-28 13:03:31,839 10752 DEBUG ? odoo.http: HTTP sessions stored in: c:\users\usuario\appdata\local\openerp s.a\odoo\sessions 
2024-11-28 13:03:31,841 10752 INFO o17-clase odoo.addons.base.models.ir_http: Generating routing map for key None 
2024-11-28 13:03:31,860 10752 INFO o17-clase werkzeug: 127.0.0.1 - - [28/Nov/2024 13:03:31] "GET /websocket?version=17.0-1 HTTP/1.1" 101 - 6 0.003 0.019
2024-11-28 13:03:32,182 10752 INFO ? odoo.addons.bus.models.bus: Bus.loop listen imbus on db postgres 
2024-11-28 13:03:50,706 10752 INFO o17-clase odoo.service.server: Initiating shutdown 
2024-11-28 13:03:50,706 10752 INFO o17-clase odoo.service.server: Hit CTRL-C again or send a second signal to force the shutdown. 
2024-11-28 13:03:50,743 10752 DEBUG o17-clase odoo.service.server: on_close call <bound method Event.set of <threading.Event at 0x1a24813aa20: unset>> 
2024-11-28 13:03:50,743 10752 DEBUG o17-clase odoo.service.server: on_close call <function _kick_all at 0x000001A247B9D580> 
2024-11-28 13:03:50,743 10752 DEBUG o17-clase odoo.service.server: current thread: <_MainThread(MainThread, started 15452)> 
2024-11-28 13:03:50,743 10752 DEBUG o17-clase odoo.service.server: process <_MainThread(MainThread, started 15452)> (False) 
2024-11-28 13:03:50,743 10752 DEBUG o17-clase odoo.service.server: process <Thread(odoo.service.cron.cron0, started daemon 4212)> (True) 
2024-11-28 13:03:50,744 10752 DEBUG o17-clase odoo.service.server: process <Thread(odoo.service.cron.cron1, started daemon 8712)> (True) 
2024-11-28 13:03:50,744 10752 DEBUG o17-clase odoo.service.server: process <Thread(odoo.service.http.request.7864, started 7864)> (False) 
2024-11-28 13:03:50,744 10752 DEBUG o17-clase odoo.service.server: join and sleep 
2024-11-28 13:03:50,841 10752 DEBUG o17-clase odoo.service.server: process <ImDispatch(odoo.addons.bus.models.bus.Bus, stopped daemon 11400)> (True) 
2024-11-28 13:03:50,841 10752 INFO o17-clase odoo.sql_db: ConnectionPool(used=0/count=0/max=64): Closed 3 connections  
2024-11-28 13:03:50,841 10752 DEBUG o17-clase odoo.service.server: -- 
2024-11-28 13:04:12,135 11848 DEBUG ? odoo.netsvc: logger level set: "odoo.http.rpc.request:INFO" 
2024-11-28 13:04:12,135 11848 DEBUG ? odoo.netsvc: logger level set: "odoo.http.rpc.response:INFO" 
2024-11-28 13:04:12,135 11848 DEBUG ? odoo.netsvc: logger level set: ":INFO" 
2024-11-28 13:04:12,136 11848 DEBUG ? odoo.netsvc: logger level set: "odoo:DEBUG" 
2024-11-28 13:04:12,136 11848 DEBUG ? odoo.netsvc: logger level set: "odoo.sql_db:INFO" 
2024-11-28 13:04:12,136 11848 DEBUG ? odoo.netsvc: logger level set: ":INFO" 
2024-11-28 13:04:12,136 11848 INFO ? odoo: Odoo version 17.0 
2024-11-28 13:04:12,136 11848 INFO ? odoo: Using configuration file at C:\Users\usuario\Desktop\Clases\odoo_prueba2\pythonProject\.venv\o17_com.conf 
2024-11-28 13:04:12,136 11848 INFO ? odoo: addons paths: ['C:\\Users\\usuario\\Desktop\\Clases\\odoo_prueba2\\pythonProject\\odoo\\odoo\\addons', 'C:\\Users\\usuario\\Desktop\\Clases\\odoo_prueba2\\pythonProject\\odoo\\addons', 'c:\\users\\usuario\\appdata\\local\\openerp s.a\\odoo\\addons\\17.0', 'c:\\users\\usuario\\desktop\\clases\\odoo_prueba2\\pythonproject\\odoo\\addons', 'c:\\users\\usuario\\desktop\\clases\\odoo_prueba2\\pythonproject\\modulononativo', 'c:\\users\\usuario\\desktop\\clases\\odoo_prueba2\\pythonproject\\odoo\\odoo\\addons'] 
2024-11-28 13:04:12,136 11848 INFO ? odoo: database: odoo@default:default 
2024-11-28 13:04:12,356 11848 INFO ? odoo.addons.base.models.ir_actions_report: Will use the Wkhtmltopdf binary at C:\Users\usuario\Desktop\Clases\odoo_prueba2\pythonProject\wkhtmltopdf\wkhtmltopdf.exe 
2024-11-28 13:04:12,629 11848 WARNING ? odoo.service.server: 'watchdog' module not installed. Code autoreload feature is disabled 
2024-11-28 13:04:12,629 11848 DEBUG ? odoo.service.server: Setting signal handlers 
2024-11-28 13:04:12,676 11848 DEBUG ? odoo.modules.registry: Multiprocess load registry signaling: [Registry: 8] [Cache default: 8] [Cache assets: 1] [Cache templates: 1] [Cache routing: 1] 
2024-11-28 13:04:12,683 11848 INFO o17-clase odoo.modules.loading: loading 1 modules... 
2024-11-28 13:04:12,684 11848 DEBUG o17-clase odoo.modules.loading: Loading module base (1/1) 
2024-11-28 13:04:12,690 11848 DEBUG o17-clase odoo.modules.loading: Module base loaded in 0.01s, 0 queries 
2024-11-28 13:04:12,690 11848 INFO o17-clase odoo.modules.loading: 1 modules loaded in 0.01s, 0 queries (+0 extra) 
2024-11-28 13:04:12,713 11848 INFO o17-clase odoo.modules.loading: updating modules list 
2024-11-28 13:04:12,716 11848 INFO o17-clase odoo.addons.base.models.ir_module: ALLOW access to module.update_list on [] to user __system__ #1 via n/a 
2024-11-28 13:04:12,980 11848 WARNING o17-clase odoo.modules.module: Missing `license` key in manifest for 'inventarios', defaulting to LGPL-3 
2024-11-28 13:04:13,485 11848 INFO ? odoo.service.server: HTTP service (werkzeug) running on DESKTOP-B0KDNG5:8069 
2024-11-28 13:04:13,824 11848 INFO o17-clase odoo.addons.base.models.ir_module: ALLOW access to module.button_upgrade on ['Módulo inventarios'] to user __system__ #1 via n/a 
2024-11-28 13:04:13,824 11848 INFO o17-clase odoo.addons.base.models.ir_module: ALLOW access to module.update_list on ['Módulo inventarios'] to user __system__ #1 via n/a 
2024-11-28 13:04:14,371 11848 INFO o17-clase odoo.addons.base.models.ir_module: ALLOW access to module.button_install on [] to user __system__ #1 via n/a 
2024-11-28 13:04:14,740 11848 DEBUG o17-clase odoo.modules.loading: Updating graph with 24 more modules 
2024-11-28 13:04:14,741 11848 INFO o17-clase odoo.modules.loading: loading 25 modules... 
2024-11-28 13:04:14,741 11848 DEBUG o17-clase odoo.modules.loading: Loading module web (2/25) 
2024-11-28 13:04:14,743 11848 DEBUG o17-clase odoo.modules.loading: Module web loaded in 0.00s, 0 queries 
2024-11-28 13:04:14,743 11848 DEBUG o17-clase odoo.modules.loading: Loading module auth_totp (3/25) 
2024-11-28 13:04:14,772 11848 DEBUG o17-clase odoo.modules.loading: Module auth_totp loaded in 0.03s, 0 queries 
2024-11-28 13:04:14,772 11848 DEBUG o17-clase odoo.modules.loading: Loading module base_import (4/25) 
2024-11-28 13:04:14,803 11848 DEBUG o17-clase odoo.modules.loading: Module base_import loaded in 0.03s, 0 queries 
2024-11-28 13:04:14,803 11848 DEBUG o17-clase odoo.modules.loading: Loading module base_import_module (5/25) 
2024-11-28 13:04:14,813 11848 DEBUG o17-clase odoo.modules.loading: Module base_import_module loaded in 0.01s, 0 queries 
2024-11-28 13:04:14,813 11848 DEBUG o17-clase odoo.modules.loading: Loading module base_setup (6/25) 
2024-11-28 13:04:14,819 11848 DEBUG o17-clase odoo.modules.loading: Module base_setup loaded in 0.01s, 0 queries 
2024-11-28 13:04:14,819 11848 DEBUG o17-clase odoo.modules.loading: Loading module bus (7/25) 
2024-11-28 13:04:14,883 11848 DEBUG o17-clase odoo.modules.loading: Module bus loaded in 0.06s, 0 queries 
2024-11-28 13:04:14,883 11848 DEBUG o17-clase odoo.modules.loading: Loading module web_tour (8/25) 
2024-11-28 13:04:14,887 11848 DEBUG o17-clase odoo.modules.loading: Module web_tour loaded in 0.00s, 0 queries 
2024-11-28 13:04:14,887 11848 DEBUG o17-clase odoo.modules.loading: Loading module iap (9/25) 
2024-11-28 13:04:14,893 11848 DEBUG o17-clase odoo.modules.loading: Module iap loaded in 0.01s, 0 queries 
2024-11-28 13:04:14,893 11848 DEBUG o17-clase odoo.modules.loading: Loading module mail (10/25) 
2024-11-28 13:04:15,015 11848 DEBUG o17-clase odoo.modules.loading: Module mail loaded in 0.12s, 0 queries 
2024-11-28 13:04:15,015 11848 DEBUG o17-clase odoo.modules.loading: Loading module web_editor (11/25) 
2024-11-28 13:04:15,038 11848 DEBUG o17-clase odoo.modules.loading: Module web_editor loaded in 0.02s, 0 queries 
2024-11-28 13:04:15,038 11848 DEBUG o17-clase odoo.modules.loading: Loading module auth_signup (12/25) 
2024-11-28 13:04:15,045 11848 DEBUG o17-clase odoo.modules.loading: Module auth_signup loaded in 0.01s, 0 queries 
2024-11-28 13:04:15,046 11848 DEBUG o17-clase odoo.modules.loading: Loading module auth_totp_mail (13/25) 
2024-11-28 13:04:15,048 11848 DEBUG o17-clase odoo.modules.loading: Module auth_totp_mail loaded in 0.00s, 0 queries 
2024-11-28 13:04:15,048 11848 DEBUG o17-clase odoo.modules.loading: Loading module base_install_request (14/25) 
2024-11-28 13:04:15,053 11848 DEBUG o17-clase odoo.modules.loading: Module base_install_request loaded in 0.00s, 0 queries 
2024-11-28 13:04:15,053 11848 DEBUG o17-clase odoo.modules.loading: Loading module contacts (15/25) 
2024-11-28 13:04:15,055 11848 DEBUG o17-clase odoo.modules.loading: Module contacts loaded in 0.00s, 0 queries 
2024-11-28 13:04:15,055 11848 DEBUG o17-clase odoo.modules.loading: Loading module google_gmail (16/25) 
2024-11-28 13:04:15,062 11848 DEBUG o17-clase odoo.modules.loading: Module google_gmail loaded in 0.01s, 0 queries 
2024-11-28 13:04:15,062 11848 DEBUG o17-clase odoo.modules.loading: Loading module iap_mail (17/25) 
2024-11-28 13:04:15,064 11848 DEBUG o17-clase odoo.modules.loading: Module iap_mail loaded in 0.00s, 0 queries 
2024-11-28 13:04:15,064 11848 DEBUG o17-clase odoo.modules.loading: Loading module mail_bot (18/25) 
2024-11-28 13:04:15,071 11848 DEBUG o17-clase odoo.modules.loading: Module mail_bot loaded in 0.01s, 0 queries 
2024-11-28 13:04:15,071 11848 DEBUG o17-clase odoo.modules.loading: Loading module phone_validation (19/25) 
2024-11-28 13:04:15,086 11848 DEBUG o17-clase odoo.modules.loading: Module phone_validation loaded in 0.01s, 0 queries 
2024-11-28 13:04:15,086 11848 DEBUG o17-clase odoo.modules.loading: Loading module privacy_lookup (20/25) 
2024-11-28 13:04:15,092 11848 DEBUG o17-clase odoo.modules.loading: Module privacy_lookup loaded in 0.01s, 0 queries 
2024-11-28 13:04:15,092 11848 DEBUG o17-clase odoo.modules.loading: Loading module web_unsplash (21/25) 
2024-11-28 13:04:15,098 11848 DEBUG o17-clase odoo.modules.loading: Module web_unsplash loaded in 0.01s, 0 queries 
2024-11-28 13:04:15,098 11848 INFO o17-clase odoo.modules.loading: Loading module inventarios (22/25) 
2024-11-28 13:04:15,122 11848 DEBUG o17-clase odoo.models: Patching res.config.settings.report_footer with translate=True 
2024-11-28 13:04:15,126 11848 DEBUG o17-clase odoo.models: Patching base.document.layout.report_header with translate=True 
2024-11-28 13:04:15,126 11848 DEBUG o17-clase odoo.models: Patching base.document.layout.report_footer with translate=True 
2024-11-28 13:04:15,126 11848 DEBUG o17-clase odoo.models: Patching base.document.layout.company_details with translate=True 
2024-11-28 13:04:15,153 11848 WARNING o17-clase odoo.models: The model presupuesto has no _description 
2024-11-28 13:04:15,153 11848 WARNING o17-clase odoo.models: The model clasificacion has no _description 
2024-11-28 13:04:15,165 11848 DEBUG o17-clase odoo.models: Patching res.config.settings.report_footer with translate=True 
2024-11-28 13:04:15,169 11848 DEBUG o17-clase odoo.models: Patching base.document.layout.report_header with translate=True 
2024-11-28 13:04:15,169 11848 DEBUG o17-clase odoo.models: Patching base.document.layout.report_footer with translate=True 
2024-11-28 13:04:15,169 11848 DEBUG o17-clase odoo.models: Patching base.document.layout.company_details with translate=True 
2024-11-28 13:04:15,185 11848 WARNING o17-clase odoo.fields: Field presupuesto.name: unknown parameter 'require', if this is an actual parameter you may want to override the method _valid_field_parameter on the relevant model in order to allow it 
2024-11-28 13:04:15,185 11848 WARNING o17-clase odoo.fields: Field presupuesto.link: unknown parameter 'widget', if this is an actual parameter you may want to override the method _valid_field_parameter on the relevant model in order to allow it 
2024-11-28 13:04:15,192 11848 INFO o17-clase odoo.modules.registry: module inventarios: creating or updating database tables 
2024-11-28 13:04:15,225 11848 INFO o17-clase odoo.schema: Table 'presupuesto': unable to set NOT NULL on column 'detalles_venta' 
2024-11-28 13:04:15,268 11848 INFO o17-clase odoo.modules.loading: loading inventarios/views/navmenu.xml 
2024-11-28 13:04:15,273 11848 DEBUG o17-clase odoo.modules.registry: Invalidating default model caches from write C:\Users\usuario\Desktop\Clases\odoo_prueba2\pythonProject\odoo\odoo\addons\base\models\ir_actions.py:86 
2024-11-28 13:04:15,275 11848 DEBUG o17-clase odoo.modules.registry: Invalidating default model caches from write C:\Users\usuario\Desktop\Clases\odoo_prueba2\pythonProject\odoo\odoo\addons\base\models\ir_ui_menu.py:173 
2024-11-28 13:04:15,278 11848 DEBUG o17-clase odoo.modules.registry: Invalidating default model caches from write C:\Users\usuario\Desktop\Clases\odoo_prueba2\pythonProject\odoo\odoo\addons\base\models\ir_ui_menu.py:173 
2024-11-28 13:04:15,281 11848 DEBUG o17-clase odoo.modules.registry: Invalidating default model caches from write C:\Users\usuario\Desktop\Clases\odoo_prueba2\pythonProject\odoo\odoo\addons\base\models\ir_ui_menu.py:173 
2024-11-28 13:04:15,284 11848 DEBUG o17-clase odoo.modules.registry: Invalidating default model caches from write C:\Users\usuario\Desktop\Clases\odoo_prueba2\pythonProject\odoo\odoo\addons\base\models\ir_ui_menu.py:173 
2024-11-28 13:04:15,286 11848 INFO o17-clase odoo.modules.loading: loading inventarios/views/vista.xml 
2024-11-28 13:04:15,291 11848 DEBUG o17-clase odoo.modules.registry: Invalidating templates model caches from write C:\Users\usuario\Desktop\Clases\odoo_prueba2\pythonProject\odoo\odoo\addons\base\models\ir_ui_view.py:522 
2024-11-28 13:04:15,293 11848 DEBUG o17-clase odoo.modules.registry: Invalidating templates model caches from write C:\Users\usuario\Desktop\Clases\odoo_prueba2\pythonProject\odoo\odoo\addons\base\models\ir_ui_view.py:522 
2024-11-28 13:04:15,301 11848 DEBUG o17-clase odoo.modules.registry: Invalidating templates model caches from write C:\Users\usuario\Desktop\Clases\odoo_prueba2\pythonProject\odoo\odoo\addons\base\models\ir_ui_view.py:522 
2024-11-28 13:04:15,305 11848 DEBUG o17-clase odoo.modules.registry: Invalidating templates model caches from write C:\Users\usuario\Desktop\Clases\odoo_prueba2\pythonProject\odoo\odoo\addons\base\models\ir_ui_view.py:522 
2024-11-28 13:04:15,315 11848 INFO o17-clase odoo.addons.base.models.ir_module: module inventarios: no translation for language es_ES 
2024-11-28 13:04:15,321 11848 WARNING o17-clase odoo.modules.loading: The models ['presupuesto', 'clasificacion'] have no access rules in module inventarios, consider adding some, like:
id,name,model_id:id,group_id:id,perm_read,perm_write,perm_create,perm_unlink
inventarios.access_presupuesto,access_presupuesto,inventarios.model_presupuesto,base.group_user,1,0,0,0
inventarios.access_clasificacion,access_clasificacion,inventarios.model_clasificacion,base.group_user,1,0,0,0 
2024-11-28 13:04:15,326 11848 INFO o17-clase odoo.modules.loading: Module inventarios loaded in 0.23s, 111 queries (+111 other) 
2024-11-28 13:04:15,326 11848 DEBUG o17-clase odoo.modules.loading: Loading module partner_autocomplete (23/25) 
2024-11-28 13:04:15,336 11848 DEBUG o17-clase odoo.modules.loading: Module partner_autocomplete loaded in 0.01s, 0 queries 
2024-11-28 13:04:15,336 11848 DEBUG o17-clase odoo.modules.loading: Loading module sms (24/25) 
2024-11-28 13:04:15,354 11848 DEBUG o17-clase odoo.modules.loading: Module sms loaded in 0.02s, 0 queries 
2024-11-28 13:04:15,354 11848 DEBUG o17-clase odoo.modules.loading: Loading module snailmail (25/25) 
2024-11-28 13:04:15,367 11848 DEBUG o17-clase odoo.modules.loading: Module snailmail loaded in 0.01s, 0 queries 
2024-11-28 13:04:15,367 11848 INFO o17-clase odoo.modules.loading: 25 modules loaded in 0.63s, 111 queries (+111 extra) 
2024-11-28 13:04:15,401 11848 WARNING o17-clase odoo.fields: Field presupuesto.name: unknown parameter 'require', if this is an actual parameter you may want to override the method _valid_field_parameter on the relevant model in order to allow it 
2024-11-28 13:04:15,402 11848 WARNING o17-clase odoo.fields: Field presupuesto.link: unknown parameter 'widget', if this is an actual parameter you may want to override the method _valid_field_parameter on the relevant model in order to allow it 
2024-11-28 13:04:15,441 11848 WARNING o17-clase odoo.fields: Field presupuesto.name: unknown parameter 'require', if this is an actual parameter you may want to override the method _valid_field_parameter on the relevant model in order to allow it 
2024-11-28 13:04:15,442 11848 WARNING o17-clase odoo.fields: Field presupuesto.link: unknown parameter 'widget', if this is an actual parameter you may want to override the method _valid_field_parameter on the relevant model in order to allow it 
2024-11-28 13:04:15,453 11848 WARNING o17-clase odoo.schema: Table 'presupuesto': unable to set NOT NULL on column 'detalles_venta' 
2024-11-28 13:04:15,454 11848 DEBUG o17-clase odoo.models: column index is in the table auth_totp_device but not in the corresponding object auth_totp.device 
2024-11-28 13:04:15,454 11848 DEBUG o17-clase odoo.models: column key is in the table auth_totp_device but not in the corresponding object auth_totp.device 
2024-11-28 13:04:15,483 11848 DEBUG o17-clase odoo.models: column web is in the table ir_module_module but not in the corresponding object ir.module.module 
2024-11-28 13:04:15,512 11848 DEBUG o17-clase odoo.models: column signup_token is in the table res_partner but not in the corresponding object res.partner 
2024-11-28 13:04:15,515 11848 DEBUG o17-clase odoo.models: column password is in the table res_users but not in the corresponding object res.users 
2024-11-28 13:04:15,515 11848 DEBUG o17-clase odoo.models: column totp_secret is in the table res_users but not in the corresponding object res.users 
2024-11-28 13:04:15,516 11848 DEBUG o17-clase odoo.models: column index is in the table res_users_apikeys but not in the corresponding object res.users.apikeys 
2024-11-28 13:04:15,516 11848 DEBUG o17-clase odoo.models: column key is in the table res_users_apikeys but not in the corresponding object res.users.apikeys 
2024-11-28 13:04:15,539 11848 DEBUG o17-clase odoo.modules.registry: Invalidating templates model caches from write C:\Users\usuario\Desktop\Clases\odoo_prueba2\pythonProject\odoo\odoo\addons\base\models\ir_ui_view.py:522 
2024-11-28 13:04:15,548 11848 DEBUG o17-clase odoo.modules.registry: Invalidating templates model caches from write C:\Users\usuario\Desktop\Clases\odoo_prueba2\pythonProject\odoo\odoo\addons\base\models\ir_ui_view.py:522 
2024-11-28 13:04:15,826 11848 INFO o17-clase odoo.modules.loading: Modules loaded. 
2024-11-28 13:04:15,828 11848 INFO o17-clase odoo.modules.registry: Registry loaded in 3.198s 
2024-11-28 13:04:15,829 11848 DEBUG o17-clase odoo.service.server: cron0 started! 
2024-11-28 13:04:15,830 11848 DEBUG o17-clase odoo.service.server: cron1 started! 
2024-11-28 13:04:16,432 11848 DEBUG ? odoo.http: HTTP sessions stored in: c:\users\usuario\appdata\local\openerp s.a\odoo\sessions 
2024-11-28 13:04:16,434 11848 INFO o17-clase odoo.addons.base.models.ir_http: Generating routing map for key None 
2024-11-28 13:04:16,453 11848 INFO o17-clase werkzeug: 127.0.0.1 - - [28/Nov/2024 13:04:16] "GET /websocket?version=17.0-1 HTTP/1.1" 101 - 6 0.003 0.018
2024-11-28 13:04:16,775 11848 INFO ? odoo.addons.bus.models.bus: Bus.loop listen imbus on db postgres 
2024-11-28 13:05:15,876 11848 DEBUG ? odoo.service.server: cron0 polling for jobs 
2024-11-28 13:05:16,917 11848 DEBUG ? odoo.service.server: cron1 polling for jobs 
2024-11-28 13:05:58,980 11848 WARNING o17-clase odoo.modules.module: Missing `license` key in manifest for 'inventarios', defaulting to LGPL-3 
2024-11-28 13:05:59,344 11848 WARNING o17-clase odoo.addons.base.models.ir_qweb: Found deprecated directive @t-esc="title or 'Odoo'" in template 180. Replace by @t-out 
2024-11-28 13:05:59,345 11848 WARNING o17-clase odoo.addons.base.models.ir_qweb: Found deprecated directive @t-esc='request.csrf_token(None)' in template 180. Replace by @t-out 
2024-11-28 13:05:59,345 11848 WARNING o17-clase odoo.addons.base.models.ir_qweb: Found deprecated directive @t-esc='debug' in template 180. Replace by @t-out 
2024-11-28 13:05:59,351 11848 INFO o17-clase werkzeug: 127.0.0.1 - - [28/Nov/2024 13:05:59] "GET /web HTTP/1.1" 200 - 68 0.033 1.335
2024-11-28 13:05:59,475 11848 DEBUG ? odoo.modules.module: module __init__.py: no manifest file found ('__manifest__.py', '__openerp__.py') 
2024-11-28 13:05:59,477 11848 INFO o17-clase werkzeug: 127.0.0.1 - - [28/Nov/2024 13:05:59] "GET /bus/websocket_worker_bundle?v=17.0-1 HTTP/1.1" 304 - 4 0.003 0.005
2024-11-28 13:05:59,478 11848 DEBUG ? odoo.modules.module: module __pycache__: no manifest file found ('__manifest__.py', '__openerp__.py') 
2024-11-28 13:05:59,583 11848 DEBUG ? odoo.modules.module: module .git: no manifest file found ('__manifest__.py', '__openerp__.py') 
2024-11-28 13:05:59,584 11848 DEBUG ? odoo.modules.module: module .idea: no manifest file found ('__manifest__.py', '__openerp__.py') 
2024-11-28 13:05:59,598 11848 INFO o17-clase werkzeug: 127.0.0.1 - - [28/Nov/2024 13:05:59] "POST /web/action/load HTTP/1.1" 200 - 9 0.009 0.123
2024-11-28 13:05:59,845 11848 INFO o17-clase werkzeug: 127.0.0.1 - - [28/Nov/2024 13:05:59] "POST /mail/init_messaging HTTP/1.1" 200 - 37 0.019 0.048
2024-11-28 13:05:59,922 11848 DEBUG o17-clase odoo.api: call presupuesto().get_views(options={'action_id': 89, 'load_filters': True, 'toolbar': True}, views=[[False, 'list'], [False, 'form'], [False, 'search']]) 
2024-11-28 13:05:59,923 11848 DEBUG o17-clase odoo.api: call res.users().systray_get_activities() 
2024-11-28 13:05:59,961 11848 INFO o17-clase werkzeug: 127.0.0.1 - - [28/Nov/2024 13:05:59] "POST /web/dataset/call_kw/res.users/systray_get_activities HTTP/1.1" 200 - 3 0.008 0.144
2024-11-28 13:05:59,967 11848 INFO o17-clase werkzeug: 127.0.0.1 - - [28/Nov/2024 13:05:59] "POST /mail/load_message_failures HTTP/1.1" 200 - 3 0.004 0.045
2024-11-28 13:05:59,969 11848 INFO o17-clase werkzeug: 127.0.0.1 - - [28/Nov/2024 13:05:59] "GET /websocket?version=17.0-1 HTTP/1.1" 101 - 1 0.004 0.138
2024-11-28 13:05:59,971 11848 INFO o17-clase werkzeug: 127.0.0.1 - - [28/Nov/2024 13:05:59] "POST /web/dataset/call_kw/presupuesto/get_views HTTP/1.1" 200 - 19 0.031 0.114
2024-11-28 13:05:59,983 11848 INFO o17-clase werkzeug: 127.0.0.1 - - [28/Nov/2024 13:05:59] "GET /web/manifest.webmanifest HTTP/1.1" 200 - 8 0.020 0.138
2024-11-28 13:06:00,154 11848 DEBUG o17-clase odoo.api: call presupuesto().onchange({}, [], {'status': {}, 'name': {}, 'image_1920': {}, 'write_date': {}, 'start_date': {}, 'genero_ids': {'fields': {}}, 'puntuacion_vendedor_introducir': {}, 'categoria_ventas': {'fields': {'display_name': {}}}, 'unidades_producto': {}, 'precio_unitario': {}, 'price': {}, 'persona_ventas': {'fields': {'display_name': {}}}, 'is_active': {}, 'detalles_venta': {}, 'puntuacion_vendedor': {}, 'Subir_archivo': {}, 'nombre_archivo': {}, 'link': {}, 'display_name': {}}) 
2024-11-28 13:06:00,158 11848 INFO o17-clase werkzeug: 127.0.0.1 - - [28/Nov/2024 13:06:00] "POST /web/dataset/call_kw/presupuesto/onchange HTTP/1.1" 200 - 3 0.003 0.003
2024-11-28 13:06:00,297 11848 DEBUG o17-clase odoo.api: call clasificacion().name_search('', []) 
2024-11-28 13:06:00,300 11848 INFO o17-clase werkzeug: 127.0.0.1 - - [28/Nov/2024 13:06:00] "POST /web/dataset/call_kw/clasificacion/name_search HTTP/1.1" 200 - 2 0.001 0.006
2024-11-28 13:06:00,518 11848 INFO o17-clase werkzeug: 127.0.0.1 - - [28/Nov/2024 13:06:00] "GET /web/image?model=res.users&field=avatar_128&id=1 HTTP/1.1" 304 - 7 0.004 0.004
2024-11-28 13:06:02,145 11848 INFO o17-clase werkzeug: 127.0.0.1 - - [28/Nov/2024 13:06:02] "GET /web/service-worker.js HTTP/1.1" 200 - 1 0.001 0.002
2024-11-28 13:06:15,882 11848 DEBUG ? odoo.service.server: cron0 polling for jobs 
2024-11-28 13:06:17,930 11848 DEBUG ? odoo.service.server: cron1 polling for jobs 
2024-11-28 13:07:15,894 11848 DEBUG ? odoo.service.server: cron0 polling for jobs 
2024-11-28 13:07:18,951 11848 DEBUG ? odoo.service.server: cron1 polling for jobs 
2024-11-28 13:07:27,418 11848 INFO o17-clase odoo.service.server: Initiating shutdown 
2024-11-28 13:07:27,418 11848 INFO o17-clase odoo.service.server: Hit CTRL-C again or send a second signal to force the shutdown. 
2024-11-28 13:07:27,473 11848 DEBUG o17-clase odoo.service.server: on_close call <bound method Event.set of <threading.Event at 0x2292e9ca930: unset>> 
2024-11-28 13:07:27,473 11848 DEBUG o17-clase odoo.service.server: on_close call <function _kick_all at 0x000002292E43D580> 
2024-11-28 13:07:27,473 11848 DEBUG o17-clase odoo.service.server: current thread: <_MainThread(MainThread, started 7940)> 
2024-11-28 13:07:27,474 11848 DEBUG o17-clase odoo.service.server: process <_MainThread(MainThread, started 7940)> (False) 
2024-11-28 13:07:27,474 11848 DEBUG o17-clase odoo.service.server: process <Thread(odoo.service.cron.cron0, started daemon 12896)> (True) 
2024-11-28 13:07:27,474 11848 DEBUG o17-clase odoo.service.server: process <Thread(odoo.service.cron.cron1, started daemon 6872)> (True) 
2024-11-28 13:07:27,474 11848 DEBUG o17-clase odoo.service.server: process <ImDispatch(odoo.addons.bus.models.bus.Bus, started daemon 6480)> (True) 
2024-11-28 13:07:27,474 11848 DEBUG o17-clase odoo.service.server: process <Thread(odoo.service.http.request.7784, started 7784)> (False) 
2024-11-28 13:07:27,474 11848 DEBUG o17-clase odoo.service.server: join and sleep 
2024-11-28 13:07:27,569 11848 DEBUG o17-clase odoo.service.server: process <Thread(odoo.service.http.request.8924, started 8924)> (False) 
2024-11-28 13:07:27,569 11848 DEBUG o17-clase odoo.service.server: join and sleep 
2024-11-28 13:07:27,678 11848 DEBUG o17-clase odoo.service.server: join and sleep 
2024-11-28 13:07:27,786 11848 DEBUG o17-clase odoo.service.server: join and sleep 
2024-11-28 13:07:27,894 11848 DEBUG o17-clase odoo.service.server: join and sleep 
2024-11-28 13:07:28,005 11848 DEBUG o17-clase odoo.service.server: join and sleep 
2024-11-28 13:07:28,113 11848 DEBUG o17-clase odoo.service.server: join and sleep 
2024-11-28 13:07:28,223 11848 DEBUG o17-clase odoo.service.server: join and sleep 
2024-11-28 13:07:28,333 11848 DEBUG o17-clase odoo.service.server: join and sleep 
2024-11-28 13:07:28,443 11848 INFO o17-clase odoo.sql_db: ConnectionPool(used=0/count=0/max=64): Closed 7 connections  
2024-11-28 13:07:28,443 11848 DEBUG o17-clase odoo.service.server: -- 
2024-11-28 13:18:47,343 2884 DEBUG ? odoo.netsvc: logger level set: "odoo.http.rpc.request:INFO" 
2024-11-28 13:18:47,344 2884 DEBUG ? odoo.netsvc: logger level set: "odoo.http.rpc.response:INFO" 
2024-11-28 13:18:47,344 2884 DEBUG ? odoo.netsvc: logger level set: ":INFO" 
2024-11-28 13:18:47,344 2884 DEBUG ? odoo.netsvc: logger level set: "odoo:DEBUG" 
2024-11-28 13:18:47,344 2884 DEBUG ? odoo.netsvc: logger level set: "odoo.sql_db:INFO" 
2024-11-28 13:18:47,344 2884 DEBUG ? odoo.netsvc: logger level set: ":INFO" 
2024-11-28 13:18:47,344 2884 INFO ? odoo: Odoo version 17.0 
2024-11-28 13:18:47,345 2884 INFO ? odoo: Using configuration file at C:\Users\usuario\Desktop\Clases\odoo_prueba2\pythonProject\.venv\o17_com.conf 
2024-11-28 13:18:47,345 2884 INFO ? odoo: addons paths: ['C:\\Users\\usuario\\Desktop\\Clases\\odoo_prueba2\\pythonProject\\odoo\\odoo\\addons', 'C:\\Users\\usuario\\Desktop\\Clases\\odoo_prueba2\\pythonProject\\odoo\\addons', 'c:\\users\\usuario\\appdata\\local\\openerp s.a\\odoo\\addons\\17.0', 'c:\\users\\usuario\\desktop\\clases\\odoo_prueba2\\pythonproject\\odoo\\addons', 'c:\\users\\usuario\\desktop\\clases\\odoo_prueba2\\pythonproject\\modulononativo', 'c:\\users\\usuario\\desktop\\clases\\odoo_prueba2\\pythonproject\\odoo\\odoo\\addons'] 
2024-11-28 13:18:47,345 2884 INFO ? odoo: database: odoo@default:default 
2024-11-28 13:18:47,569 2884 INFO ? odoo.addons.base.models.ir_actions_report: Will use the Wkhtmltopdf binary at C:\Users\usuario\Desktop\Clases\odoo_prueba2\pythonProject\wkhtmltopdf\wkhtmltopdf.exe 
2024-11-28 13:18:47,903 2884 WARNING ? odoo.service.server: 'watchdog' module not installed. Code autoreload feature is disabled 
2024-11-28 13:18:47,903 2884 DEBUG ? odoo.service.server: Setting signal handlers 
2024-11-28 13:18:48,057 2884 DEBUG ? odoo.modules.registry: Multiprocess load registry signaling: [Registry: 8] [Cache default: 8] [Cache assets: 1] [Cache templates: 1] [Cache routing: 1] 
2024-11-28 13:18:48,064 2884 INFO o17-clase odoo.modules.loading: loading 1 modules... 
2024-11-28 13:18:48,064 2884 DEBUG o17-clase odoo.modules.loading: Loading module base (1/1) 
2024-11-28 13:18:48,071 2884 DEBUG o17-clase odoo.modules.loading: Module base loaded in 0.01s, 0 queries 
2024-11-28 13:18:48,072 2884 INFO o17-clase odoo.modules.loading: 1 modules loaded in 0.01s, 0 queries (+0 extra) 
2024-11-28 13:18:48,094 2884 INFO o17-clase odoo.modules.loading: updating modules list 
2024-11-28 13:18:48,098 2884 INFO o17-clase odoo.addons.base.models.ir_module: ALLOW access to module.update_list on [] to user __system__ #1 via n/a 
2024-11-28 13:18:48,362 2884 WARNING o17-clase odoo.modules.module: Missing `license` key in manifest for 'inventarios', defaulting to LGPL-3 
2024-11-28 13:18:48,748 2884 INFO ? odoo.service.server: HTTP service (werkzeug) running on DESKTOP-B0KDNG5:8069 
2024-11-28 13:18:49,169 2884 INFO o17-clase odoo.addons.base.models.ir_module: ALLOW access to module.button_upgrade on ['Módulo inventarios'] to user __system__ #1 via n/a 
2024-11-28 13:18:49,170 2884 INFO o17-clase odoo.addons.base.models.ir_module: ALLOW access to module.update_list on ['Módulo inventarios'] to user __system__ #1 via n/a 
2024-11-28 13:18:49,719 2884 INFO o17-clase odoo.addons.base.models.ir_module: ALLOW access to module.button_install on [] to user __system__ #1 via n/a 
2024-11-28 13:18:50,098 2884 DEBUG o17-clase odoo.modules.loading: Updating graph with 24 more modules 
2024-11-28 13:18:50,099 2884 INFO o17-clase odoo.modules.loading: loading 25 modules... 
2024-11-28 13:18:50,099 2884 DEBUG o17-clase odoo.modules.loading: Loading module web (2/25) 
2024-11-28 13:18:50,101 2884 DEBUG o17-clase odoo.modules.loading: Module web loaded in 0.00s, 0 queries 
2024-11-28 13:18:50,101 2884 DEBUG o17-clase odoo.modules.loading: Loading module auth_totp (3/25) 
2024-11-28 13:18:50,130 2884 DEBUG o17-clase odoo.modules.loading: Module auth_totp loaded in 0.03s, 0 queries 
2024-11-28 13:18:50,130 2884 DEBUG o17-clase odoo.modules.loading: Loading module base_import (4/25) 
2024-11-28 13:18:50,163 2884 DEBUG o17-clase odoo.modules.loading: Module base_import loaded in 0.03s, 0 queries 
2024-11-28 13:18:50,163 2884 DEBUG o17-clase odoo.modules.loading: Loading module base_import_module (5/25) 
2024-11-28 13:18:50,174 2884 DEBUG o17-clase odoo.modules.loading: Module base_import_module loaded in 0.01s, 0 queries 
2024-11-28 13:18:50,174 2884 DEBUG o17-clase odoo.modules.loading: Loading module base_setup (6/25) 
2024-11-28 13:18:50,181 2884 DEBUG o17-clase odoo.modules.loading: Module base_setup loaded in 0.01s, 0 queries 
2024-11-28 13:18:50,181 2884 DEBUG o17-clase odoo.modules.loading: Loading module bus (7/25) 
2024-11-28 13:18:50,247 2884 DEBUG o17-clase odoo.modules.loading: Module bus loaded in 0.07s, 0 queries 
2024-11-28 13:18:50,247 2884 DEBUG o17-clase odoo.modules.loading: Loading module web_tour (8/25) 
2024-11-28 13:18:50,251 2884 DEBUG o17-clase odoo.modules.loading: Module web_tour loaded in 0.00s, 0 queries 
2024-11-28 13:18:50,251 2884 DEBUG o17-clase odoo.modules.loading: Loading module iap (9/25) 
2024-11-28 13:18:50,257 2884 DEBUG o17-clase odoo.modules.loading: Module iap loaded in 0.01s, 0 queries 
2024-11-28 13:18:50,257 2884 DEBUG o17-clase odoo.modules.loading: Loading module mail (10/25) 
2024-11-28 13:18:50,383 2884 DEBUG o17-clase odoo.modules.loading: Module mail loaded in 0.13s, 0 queries 
2024-11-28 13:18:50,383 2884 DEBUG o17-clase odoo.modules.loading: Loading module web_editor (11/25) 
2024-11-28 13:18:50,406 2884 DEBUG o17-clase odoo.modules.loading: Module web_editor loaded in 0.02s, 0 queries 
2024-11-28 13:18:50,406 2884 DEBUG o17-clase odoo.modules.loading: Loading module auth_signup (12/25) 
2024-11-28 13:18:50,413 2884 DEBUG o17-clase odoo.modules.loading: Module auth_signup loaded in 0.01s, 0 queries 
2024-11-28 13:18:50,413 2884 DEBUG o17-clase odoo.modules.loading: Loading module auth_totp_mail (13/25) 
2024-11-28 13:18:50,417 2884 DEBUG o17-clase odoo.modules.loading: Module auth_totp_mail loaded in 0.00s, 0 queries 
2024-11-28 13:18:50,417 2884 DEBUG o17-clase odoo.modules.loading: Loading module base_install_request (14/25) 
2024-11-28 13:18:50,421 2884 DEBUG o17-clase odoo.modules.loading: Module base_install_request loaded in 0.00s, 0 queries 
2024-11-28 13:18:50,421 2884 DEBUG o17-clase odoo.modules.loading: Loading module contacts (15/25) 
2024-11-28 13:18:50,425 2884 DEBUG o17-clase odoo.modules.loading: Module contacts loaded in 0.00s, 0 queries 
2024-11-28 13:18:50,425 2884 DEBUG o17-clase odoo.modules.loading: Loading module google_gmail (16/25) 
2024-11-28 13:18:50,431 2884 DEBUG o17-clase odoo.modules.loading: Module google_gmail loaded in 0.01s, 0 queries 
2024-11-28 13:18:50,432 2884 DEBUG o17-clase odoo.modules.loading: Loading module iap_mail (17/25) 
2024-11-28 13:18:50,434 2884 DEBUG o17-clase odoo.modules.loading: Module iap_mail loaded in 0.00s, 0 queries 
2024-11-28 13:18:50,434 2884 DEBUG o17-clase odoo.modules.loading: Loading module mail_bot (18/25) 
2024-11-28 13:18:50,440 2884 DEBUG o17-clase odoo.modules.loading: Module mail_bot loaded in 0.01s, 0 queries 
2024-11-28 13:18:50,440 2884 DEBUG o17-clase odoo.modules.loading: Loading module phone_validation (19/25) 
2024-11-28 13:18:50,456 2884 DEBUG o17-clase odoo.modules.loading: Module phone_validation loaded in 0.02s, 0 queries 
2024-11-28 13:18:50,456 2884 DEBUG o17-clase odoo.modules.loading: Loading module privacy_lookup (20/25) 
2024-11-28 13:18:50,462 2884 DEBUG o17-clase odoo.modules.loading: Module privacy_lookup loaded in 0.01s, 0 queries 
2024-11-28 13:18:50,462 2884 DEBUG o17-clase odoo.modules.loading: Loading module web_unsplash (21/25) 
2024-11-28 13:18:50,468 2884 DEBUG o17-clase odoo.modules.loading: Module web_unsplash loaded in 0.01s, 0 queries 
2024-11-28 13:18:50,468 2884 INFO o17-clase odoo.modules.loading: Loading module inventarios (22/25) 
2024-11-28 13:18:50,493 2884 DEBUG o17-clase odoo.models: Patching res.config.settings.report_footer with translate=True 
2024-11-28 13:18:50,497 2884 DEBUG o17-clase odoo.models: Patching base.document.layout.report_header with translate=True 
2024-11-28 13:18:50,497 2884 DEBUG o17-clase odoo.models: Patching base.document.layout.report_footer with translate=True 
2024-11-28 13:18:50,497 2884 DEBUG o17-clase odoo.models: Patching base.document.layout.company_details with translate=True 
2024-11-28 13:18:50,527 2884 WARNING o17-clase odoo.models: The model presupuesto has no _description 
2024-11-28 13:18:50,527 2884 WARNING o17-clase odoo.models: The model clasificacion has no _description 
2024-11-28 13:18:50,539 2884 DEBUG o17-clase odoo.models: Patching res.config.settings.report_footer with translate=True 
2024-11-28 13:18:50,542 2884 DEBUG o17-clase odoo.models: Patching base.document.layout.report_header with translate=True 
2024-11-28 13:18:50,543 2884 DEBUG o17-clase odoo.models: Patching base.document.layout.report_footer with translate=True 
2024-11-28 13:18:50,543 2884 DEBUG o17-clase odoo.models: Patching base.document.layout.company_details with translate=True 
2024-11-28 13:18:50,559 2884 WARNING o17-clase odoo.fields: Field presupuesto.name: unknown parameter 'require', if this is an actual parameter you may want to override the method _valid_field_parameter on the relevant model in order to allow it 
2024-11-28 13:18:50,559 2884 WARNING o17-clase odoo.fields: Field presupuesto.link: unknown parameter 'widget', if this is an actual parameter you may want to override the method _valid_field_parameter on the relevant model in order to allow it 
2024-11-28 13:18:50,566 2884 INFO o17-clase odoo.modules.registry: module inventarios: creating or updating database tables 
2024-11-28 13:18:50,598 2884 INFO o17-clase odoo.schema: Table 'presupuesto': unable to set NOT NULL on column 'detalles_venta' 
2024-11-28 13:18:50,642 2884 INFO o17-clase odoo.modules.loading: loading inventarios/views/navmenu.xml 
2024-11-28 13:18:50,649 2884 DEBUG o17-clase odoo.modules.registry: Invalidating default model caches from write C:\Users\usuario\Desktop\Clases\odoo_prueba2\pythonProject\odoo\odoo\addons\base\models\ir_actions.py:86 
2024-11-28 13:18:50,650 2884 DEBUG o17-clase odoo.modules.registry: Invalidating default model caches from write C:\Users\usuario\Desktop\Clases\odoo_prueba2\pythonProject\odoo\odoo\addons\base\models\ir_ui_menu.py:173 
2024-11-28 13:18:50,654 2884 DEBUG o17-clase odoo.modules.registry: Invalidating default model caches from write C:\Users\usuario\Desktop\Clases\odoo_prueba2\pythonProject\odoo\odoo\addons\base\models\ir_ui_menu.py:173 
2024-11-28 13:18:50,657 2884 DEBUG o17-clase odoo.modules.registry: Invalidating default model caches from write C:\Users\usuario\Desktop\Clases\odoo_prueba2\pythonProject\odoo\odoo\addons\base\models\ir_ui_menu.py:173 
2024-11-28 13:18:50,660 2884 DEBUG o17-clase odoo.modules.registry: Invalidating default model caches from write C:\Users\usuario\Desktop\Clases\odoo_prueba2\pythonProject\odoo\odoo\addons\base\models\ir_ui_menu.py:173 
2024-11-28 13:18:50,663 2884 INFO o17-clase odoo.modules.loading: loading inventarios/views/vista.xml 
2024-11-28 13:18:50,668 2884 DEBUG o17-clase odoo.modules.registry: Invalidating templates model caches from write C:\Users\usuario\Desktop\Clases\odoo_prueba2\pythonProject\odoo\odoo\addons\base\models\ir_ui_view.py:522 
2024-11-28 13:18:50,670 2884 DEBUG o17-clase odoo.modules.registry: Invalidating templates model caches from write C:\Users\usuario\Desktop\Clases\odoo_prueba2\pythonProject\odoo\odoo\addons\base\models\ir_ui_view.py:522 
2024-11-28 13:18:50,679 2884 DEBUG o17-clase odoo.modules.registry: Invalidating templates model caches from write C:\Users\usuario\Desktop\Clases\odoo_prueba2\pythonProject\odoo\odoo\addons\base\models\ir_ui_view.py:522 
2024-11-28 13:18:50,682 2884 DEBUG o17-clase odoo.modules.registry: Invalidating templates model caches from write C:\Users\usuario\Desktop\Clases\odoo_prueba2\pythonProject\odoo\odoo\addons\base\models\ir_ui_view.py:522 
2024-11-28 13:18:50,692 2884 INFO o17-clase odoo.addons.base.models.ir_module: module inventarios: no translation for language es_ES 
2024-11-28 13:18:50,702 2884 WARNING o17-clase odoo.modules.loading: The models ['presupuesto', 'clasificacion'] have no access rules in module inventarios, consider adding some, like:
id,name,model_id:id,group_id:id,perm_read,perm_write,perm_create,perm_unlink
inventarios.access_presupuesto,access_presupuesto,inventarios.model_presupuesto,base.group_user,1,0,0,0
inventarios.access_clasificacion,access_clasificacion,inventarios.model_clasificacion,base.group_user,1,0,0,0 
2024-11-28 13:18:50,707 2884 INFO o17-clase odoo.modules.loading: Module inventarios loaded in 0.24s, 111 queries (+111 other) 
2024-11-28 13:18:50,707 2884 DEBUG o17-clase odoo.modules.loading: Loading module partner_autocomplete (23/25) 
2024-11-28 13:18:50,717 2884 DEBUG o17-clase odoo.modules.loading: Module partner_autocomplete loaded in 0.01s, 0 queries 
2024-11-28 13:18:50,717 2884 DEBUG o17-clase odoo.modules.loading: Loading module sms (24/25) 
2024-11-28 13:18:50,735 2884 DEBUG o17-clase odoo.modules.loading: Module sms loaded in 0.02s, 0 queries 
2024-11-28 13:18:50,736 2884 DEBUG o17-clase odoo.modules.loading: Loading module snailmail (25/25) 
2024-11-28 13:18:50,749 2884 DEBUG o17-clase odoo.modules.loading: Module snailmail loaded in 0.01s, 0 queries 
2024-11-28 13:18:50,749 2884 INFO o17-clase odoo.modules.loading: 25 modules loaded in 0.65s, 111 queries (+111 extra) 
2024-11-28 13:18:50,784 2884 WARNING o17-clase odoo.fields: Field presupuesto.name: unknown parameter 'require', if this is an actual parameter you may want to override the method _valid_field_parameter on the relevant model in order to allow it 
2024-11-28 13:18:50,784 2884 WARNING o17-clase odoo.fields: Field presupuesto.link: unknown parameter 'widget', if this is an actual parameter you may want to override the method _valid_field_parameter on the relevant model in order to allow it 
2024-11-28 13:18:50,825 2884 WARNING o17-clase odoo.fields: Field presupuesto.name: unknown parameter 'require', if this is an actual parameter you may want to override the method _valid_field_parameter on the relevant model in order to allow it 
2024-11-28 13:18:50,825 2884 WARNING o17-clase odoo.fields: Field presupuesto.link: unknown parameter 'widget', if this is an actual parameter you may want to override the method _valid_field_parameter on the relevant model in order to allow it 
2024-11-28 13:18:50,836 2884 WARNING o17-clase odoo.schema: Table 'presupuesto': unable to set NOT NULL on column 'detalles_venta' 
2024-11-28 13:18:50,837 2884 DEBUG o17-clase odoo.models: column index is in the table auth_totp_device but not in the corresponding object auth_totp.device 
2024-11-28 13:18:50,837 2884 DEBUG o17-clase odoo.models: column key is in the table auth_totp_device but not in the corresponding object auth_totp.device 
2024-11-28 13:18:50,866 2884 DEBUG o17-clase odoo.models: column web is in the table ir_module_module but not in the corresponding object ir.module.module 
2024-11-28 13:18:50,896 2884 DEBUG o17-clase odoo.models: column signup_token is in the table res_partner but not in the corresponding object res.partner 
2024-11-28 13:18:50,898 2884 DEBUG o17-clase odoo.models: column password is in the table res_users but not in the corresponding object res.users 
2024-11-28 13:18:50,899 2884 DEBUG o17-clase odoo.models: column totp_secret is in the table res_users but not in the corresponding object res.users 
2024-11-28 13:18:50,899 2884 DEBUG o17-clase odoo.models: column index is in the table res_users_apikeys but not in the corresponding object res.users.apikeys 
2024-11-28 13:18:50,899 2884 DEBUG o17-clase odoo.models: column key is in the table res_users_apikeys but not in the corresponding object res.users.apikeys 
2024-11-28 13:18:50,922 2884 DEBUG o17-clase odoo.modules.registry: Invalidating templates model caches from write C:\Users\usuario\Desktop\Clases\odoo_prueba2\pythonProject\odoo\odoo\addons\base\models\ir_ui_view.py:522 
2024-11-28 13:18:50,931 2884 DEBUG o17-clase odoo.modules.registry: Invalidating templates model caches from write C:\Users\usuario\Desktop\Clases\odoo_prueba2\pythonProject\odoo\odoo\addons\base\models\ir_ui_view.py:522 
2024-11-28 13:18:51,313 2884 INFO o17-clase odoo.modules.loading: Modules loaded. 
2024-11-28 13:18:51,315 2884 INFO o17-clase odoo.modules.registry: Registry loaded in 3.412s 
2024-11-28 13:18:51,317 2884 DEBUG o17-clase odoo.service.server: cron0 started! 
2024-11-28 13:18:51,317 2884 DEBUG o17-clase odoo.service.server: cron1 started! 
2024-11-28 13:19:00,132 2884 DEBUG ? odoo.http: HTTP sessions stored in: c:\users\usuario\appdata\local\openerp s.a\odoo\sessions 
2024-11-28 13:19:00,135 2884 DEBUG ? odoo.modules.module: module __init__.py: no manifest file found ('__manifest__.py', '__openerp__.py') 
2024-11-28 13:19:00,136 2884 DEBUG ? odoo.modules.module: module __pycache__: no manifest file found ('__manifest__.py', '__openerp__.py') 
2024-11-28 13:19:00,261 2884 DEBUG ? odoo.modules.module: module .git: no manifest file found ('__manifest__.py', '__openerp__.py') 
2024-11-28 13:19:00,262 2884 DEBUG ? odoo.modules.module: module .idea: no manifest file found ('__manifest__.py', '__openerp__.py') 
2024-11-28 13:19:00,266 2884 INFO o17-clase odoo.addons.base.models.ir_http: Generating routing map for key None 
2024-11-28 13:19:00,285 2884 DEBUG o17-clase odoo.api: call presupuesto().web_save({'name': 'sfdfas', 'image_1920': False, 'start_date': False, 'genero_ids': [], 'puntuacion_vendedor_introducir': 0, 'categoria_ventas': False, 'unidades_producto': 1, 'precio_unitario': 0, 'persona_ventas': False, 'is_active': True, 'detalles_venta': 'dsfdafsf', 'Subir_archivo': False, 'nombre_archivo': False, 'link': False}, specification={'status': {}, 'name': {}, 'image_1920': {}, 'write_date': {}, 'start_date': {}, 'genero_ids': {'fields': {}}, 'puntuacion_vendedor_introducir': {}, 'categoria_ventas': {'fields': {'display_name': {}}}, 'unidades_producto': {}, 'precio_unitario': {}, 'price': {}, 'persona_ventas': {'fields': {'display_name': {}}}, 'is_active': {}, 'detalles_venta': {}, 'puntuacion_vendedor': {}, 'Subir_archivo': {}, 'nombre_archivo': {}, 'link': {}, 'display_name': {}}) 
2024-11-28 13:19:00,300 2884 INFO o17-clase werkzeug: 127.0.0.1 - - [28/Nov/2024 13:19:00] "POST /web/dataset/call_kw/presupuesto/web_save HTTP/1.1" 200 - 15 0.011 0.158
2024-11-28 13:19:00,382 2884 DEBUG o17-clase odoo.api: call presupuesto(9,).confirmar_presupuesto() 
2024-11-28 13:19:00,383 2884 INFO o17-clase Raul Bodas: Presupuesto confirmado por sfdfas 
2024-11-28 13:19:00,384 2884 INFO o17-clase werkzeug: 127.0.0.1 - - [28/Nov/2024 13:19:00] "POST /web/dataset/call_button HTTP/1.1" 200 - 4 0.002 0.002
2024-11-28 13:19:00,619 2884 DEBUG o17-clase odoo.api: call presupuesto(9,).web_read(specification={'status': {}, 'name': {}, 'image_1920': {}, 'write_date': {}, 'start_date': {}, 'genero_ids': {'fields': {}}, 'puntuacion_vendedor_introducir': {}, 'categoria_ventas': {'fields': {'display_name': {}}}, 'unidades_producto': {}, 'precio_unitario': {}, 'price': {}, 'persona_ventas': {'fields': {'display_name': {}}}, 'is_active': {}, 'detalles_venta': {}, 'puntuacion_vendedor': {}, 'Subir_archivo': {}, 'nombre_archivo': {}, 'link': {}, 'display_name': {}}) 
2024-11-28 13:19:00,622 2884 INFO o17-clase werkzeug: 127.0.0.1 - - [28/Nov/2024 13:19:00] "POST /web/dataset/call_kw/presupuesto/web_read HTTP/1.1" 200 - 5 0.000 0.005
2024-11-28 13:19:02,962 2884 INFO o17-clase werkzeug: 127.0.0.1 - - [28/Nov/2024 13:19:02] "GET /websocket?version=17.0-1 HTTP/1.1" 101 - 1 0.001 0.005
2024-11-28 13:19:03,287 2884 INFO ? odoo.addons.bus.models.bus: Bus.loop listen imbus on db postgres 
2024-11-28 13:19:51,360 2884 DEBUG ? odoo.service.server: cron0 polling for jobs 
2024-11-28 13:19:52,416 2884 DEBUG ? odoo.service.server: cron1 polling for jobs 
2024-11-28 13:20:51,375 2884 DEBUG ? odoo.service.server: cron0 polling for jobs 
2024-11-28 13:20:53,433 2884 DEBUG ? odoo.service.server: cron1 polling for jobs 
2024-11-28 13:21:51,386 2884 DEBUG ? odoo.service.server: cron0 polling for jobs 
2024-11-28 13:21:54,457 2884 DEBUG ? odoo.service.server: cron1 polling for jobs 
2024-11-28 13:22:51,398 2884 DEBUG ? odoo.service.server: cron0 polling for jobs 
2024-11-28 13:22:55,481 2884 DEBUG ? odoo.service.server: cron1 polling for jobs 
2024-11-28 13:23:51,401 2884 DEBUG ? odoo.service.server: cron0 polling for jobs 
2024-11-28 13:23:56,505 2884 DEBUG ? odoo.service.server: cron1 polling for jobs 
